2026-03-10 18:35:54.525 | INFO     |backend.app.main:lifespan:62 - Shutting down application...
2026-03-10 18:37:11.461 | INFO     |backend.app.main:lifespan:62 - Shutting down application...
2026-03-10 18:44:44.832 | INFO     |backend.app.main:lifespan:62 - Shutting down application...
2026-03-10 18:48:36.873 | INFO     |backend.app.core.db:init_db:55 - Database connection verified successfully
2026-03-10 18:48:36.874 | INFO     |backend.app.main:lifespan:50 - Database initialized successfully
2026-03-10 18:48:37.988 | INFO     |backend.app.main:lifespan:58 - All services initialized and healthy
2026-03-10 18:48:44.805 | INFO     |backend.app.main:lifespan:68 - Shutting down application...
2026-03-10 18:48:46.847 | INFO     |backend.app.core.db:init_db:55 - Database connection verified successfully
2026-03-10 18:48:46.847 | INFO     |backend.app.main:lifespan:50 - Database initialized successfully
2026-03-10 18:48:48.436 | WARNING  |backend.app.core.health:check_celery:110 - No celery workers found, but RabbitMQ is reachable
2026-03-10 18:48:48.512 | INFO     |backend.app.main:lifespan:58 - All services initialized and healthy
2026-03-10 18:50:04.148 | INFO     |backend.app.main:lifespan:68 - Shutting down application...
2026-03-10 18:50:11.004 | INFO     |backend.app.core.db:init_db:55 - Database connection verified successfully
2026-03-10 18:50:11.004 | INFO     |backend.app.main:lifespan:50 - Database initialized successfully
2026-03-10 18:50:12.077 | WARNING  |backend.app.core.health:check_celery:110 - No celery workers found, but RabbitMQ is reachable
2026-03-10 18:50:12.148 | INFO     |backend.app.main:lifespan:58 - All services initialized and healthy
2026-03-10 18:53:21.679 | INFO     |backend.app.main:lifespan:68 - Shutting down application...
2026-03-10 18:53:23.183 | INFO     |backend.app.core.db:init_db:55 - Database connection verified successfully
2026-03-10 18:53:23.183 | INFO     |backend.app.main:lifespan:50 - Database initialized successfully
2026-03-10 18:53:24.295 | INFO     |backend.app.main:lifespan:58 - All services initialized and healthy
2026-03-10 18:53:52.281 | INFO     |backend.app.main:lifespan:68 - Shutting down application...
2026-03-10 18:54:08.237 | INFO     |backend.app.core.db:init_db:55 - Database connection verified successfully
2026-03-10 18:54:08.237 | INFO     |backend.app.main:lifespan:50 - Database initialized successfully
2026-03-10 18:54:18.327 | WARNING  |backend.app.core.health:check_celery:111 - No celery workers found, but RabbitMQ is reachable
2026-03-10 18:54:18.328 | INFO     |backend.app.core.health:check_service_health:171 - Service celery recovered after 2 attempts
2026-03-10 18:54:18.359 | INFO     |backend.app.core.health:check_service_health:171 - Service database recovered after 2 attempts
2026-03-10 18:54:18.359 | INFO     |backend.app.main:lifespan:58 - All services initialized and healthy
2026-03-10 18:55:06.800 | INFO     |backend.app.main:lifespan:68 - Shutting down application...
2026-03-10 18:55:23.214 | INFO     |backend.app.core.db:init_db:55 - Database connection verified successfully
2026-03-10 18:55:23.214 | INFO     |backend.app.main:lifespan:50 - Database initialized successfully
2026-03-10 18:55:33.290 | WARNING  |backend.app.core.health:check_celery:111 - No celery workers found, but RabbitMQ is reachable
2026-03-10 18:55:33.291 | INFO     |backend.app.core.health:check_service_health:171 - Service celery recovered after 2 attempts
2026-03-10 18:55:33.334 | INFO     |backend.app.core.health:check_service_health:171 - Service database recovered after 2 attempts
2026-03-10 18:55:33.334 | INFO     |backend.app.main:lifespan:58 - All services initialized and healthy
2026-03-10 19:02:22.139 | WARNING  |backend.app.core.health:check_celery:111 - No celery workers found, but RabbitMQ is reachable
2026-03-10 19:02:23.953 | INFO     |backend.app.main:lifespan:68 - Shutting down application...
2026-03-10 19:02:25.720 | INFO     |backend.app.core.db:init_db:55 - Database connection verified successfully
2026-03-10 19:02:25.720 | INFO     |backend.app.main:lifespan:50 - Database initialized successfully
2026-03-10 19:02:26.890 | INFO     |backend.app.main:lifespan:58 - All services initialized and healthy
2026-03-10 19:02:33.914 | INFO     |backend.app.main:lifespan:68 - Shutting down application...
2026-03-10 19:02:35.474 | INFO     |backend.app.core.db:init_db:55 - Database connection verified successfully
2026-03-10 19:02:35.475 | INFO     |backend.app.main:lifespan:50 - Database initialized successfully
2026-03-10 19:02:36.587 | INFO     |backend.app.main:lifespan:58 - All services initialized and healthy
2026-03-10 19:02:42.502 | INFO     |backend.app.main:lifespan:68 - Shutting down application...
2026-03-10 19:02:43.974 | INFO     |backend.app.core.db:init_db:55 - Database connection verified successfully
2026-03-10 19:02:43.974 | INFO     |backend.app.main:lifespan:50 - Database initialized successfully
2026-03-10 19:02:45.083 | INFO     |backend.app.main:lifespan:58 - All services initialized and healthy
2026-03-10 19:03:45.023 | INFO     |backend.app.main:lifespan:68 - Shutting down application...
2026-03-10 19:04:23.515 | INFO     |backend.app.core.db:init_db:55 - Database connection verified successfully
2026-03-10 19:04:23.515 | INFO     |backend.app.main:lifespan:50 - Database initialized successfully
2026-03-10 19:04:32.624 | WARNING  |backend.app.core.health:check_celery:124 - No celery workers found, but RabbitMQ is reachable
2026-03-10 19:04:32.624 | INFO     |backend.app.core.health:check_service_health:174 - Service celery recovered after 3 attempts
2026-03-10 19:04:32.624 | INFO     |backend.app.main:lifespan:58 - All services initialized and healthy
2026-03-10 19:08:47.645 | INFO     |backend.app.main:lifespan:68 - Shutting down application...
2026-03-10 19:09:03.285 | INFO     |backend.app.core.db:init_db:55 - Database connection verified successfully
2026-03-10 19:09:03.286 | INFO     |backend.app.main:lifespan:50 - Database initialized successfully
2026-03-10 19:09:16.414 | WARNING  |backend.app.core.health:check_celery:124 - No celery workers found, but RabbitMQ is reachable
2026-03-10 19:09:16.415 | INFO     |backend.app.main:lifespan:58 - All services initialized and healthy
2026-03-10 19:33:32.047 | INFO     |backend.app.main:lifespan:68 - Shutting down application...
2026-03-10 19:33:34.265 | INFO     |backend.app.core.db:init_db:55 - Database connection verified successfully
2026-03-10 19:33:34.266 | INFO     |backend.app.main:lifespan:50 - Database initialized successfully
2026-03-10 19:33:35.397 | INFO     |backend.app.main:lifespan:58 - All services initialized and healthy
2026-03-10 19:33:41.112 | INFO     |backend.app.main:lifespan:68 - Shutting down application...
2026-03-10 19:33:43.492 | INFO     |backend.app.core.db:init_db:55 - Database connection verified successfully
2026-03-10 19:33:43.492 | INFO     |backend.app.main:lifespan:50 - Database initialized successfully
2026-03-10 19:33:44.562 | WARNING  |backend.app.core.health:check_celery:110 - No celery workers found, but RabbitMQ is reachable
2026-03-10 19:33:44.638 | INFO     |backend.app.main:lifespan:58 - All services initialized and healthy
2026-03-10 19:33:51.817 | INFO     |backend.app.main:lifespan:68 - Shutting down application...
2026-03-10 19:33:53.830 | INFO     |backend.app.core.db:init_db:55 - Database connection verified successfully
2026-03-10 19:33:53.830 | INFO     |backend.app.main:lifespan:50 - Database initialized successfully
2026-03-10 19:33:54.892 | WARNING  |backend.app.core.health:check_celery:110 - No celery workers found, but RabbitMQ is reachable
2026-03-10 19:33:54.956 | INFO     |backend.app.main:lifespan:58 - All services initialized and healthy
2026-03-10 19:34:02.085 | INFO     |backend.app.main:lifespan:68 - Shutting down application...
2026-03-10 19:34:04.118 | INFO     |backend.app.core.db:init_db:55 - Database connection verified successfully
2026-03-10 19:34:04.118 | INFO     |backend.app.main:lifespan:50 - Database initialized successfully
2026-03-10 19:34:05.183 | WARNING  |backend.app.core.health:check_celery:110 - No celery workers found, but RabbitMQ is reachable
2026-03-10 19:34:05.237 | INFO     |backend.app.main:lifespan:58 - All services initialized and healthy
2026-03-10 19:50:46.338 | INFO     |backend.app.core.db:init_db:55 - Database connection verified successfully
2026-03-10 19:50:46.339 | INFO     |backend.app.main:lifespan:50 - Database initialized successfully
2026-03-10 19:51:00.420 | WARNING  |backend.app.core.health:check_celery:119 - No celery workers found, but connection to RabbitMQ is healthy
2026-03-10 19:51:00.421 | INFO     |backend.app.core.health:check_service_health:167 - Service 'celery' recovered after 2 attempts
2026-03-10 19:51:00.454 | INFO     |backend.app.core.health:check_service_health:167 - Service 'database' recovered after 2 attempts
2026-03-10 19:51:00.455 | INFO     |backend.app.main:lifespan:58 - All services initialized and healthy
2026-03-10 20:07:29.362 | INFO     |backend.app.main:lifespan:68 - Shutting down application...
2026-03-10 20:07:50.276 | INFO     |backend.app.core.db:init_db:55 - Database connection verified successfully
2026-03-10 20:07:50.276 | INFO     |backend.app.main:lifespan:50 - Database initialized successfully
2026-03-10 20:07:50.281 | INFO     |backend.app.main:lifespan:68 - Shutting down application...
2026-03-10 20:10:07.803 | INFO     |backend.app.core.db:init_db:55 - Database connection verified successfully
2026-03-10 20:10:07.804 | INFO     |backend.app.main:lifespan:50 - Database initialized successfully
2026-03-10 20:10:07.808 | INFO     |backend.app.main:lifespan:68 - Shutting down application...
2026-03-10 20:10:47.149 | INFO     |backend.app.core.db:init_db:55 - Database connection verified successfully
2026-03-10 20:10:47.150 | INFO     |backend.app.main:lifespan:50 - Database initialized successfully
2026-03-10 20:11:05.527 | INFO     |backend.app.core.db:init_db:55 - Database connection verified successfully
2026-03-10 20:11:05.528 | INFO     |backend.app.main:lifespan:50 - Database initialized successfully
2026-03-10 20:11:36.335 | WARNING  |backend.app.main:startup_health_check:34 - Services not healthy, waiting 10s before retry
2026-03-10 20:11:47.395 | INFO     |backend.app.main:lifespan:58 - All services initialized and healthy
2026-03-10 20:27:25.521 | INFO     |backend.app.main:lifespan:68 - Shutting down application...
2026-03-10 20:27:49.070 | INFO     |backend.app.core.db:init_db:55 - Database connection verified successfully
2026-03-10 20:27:49.070 | INFO     |backend.app.main:lifespan:50 - Database initialized successfully
2026-03-10 20:28:19.997 | WARNING  |backend.app.main:startup_health_check:34 - Services not healthy, waiting 10s before retry
2026-03-10 20:28:31.051 | INFO     |backend.app.main:lifespan:58 - All services initialized and healthy
2026-03-10 20:35:34.606 | INFO     |backend.app.main:lifespan:68 - Shutting down application...
2026-03-10 20:35:36.247 | INFO     |backend.app.core.db:init_db:55 - Database connection verified successfully
2026-03-10 20:35:36.247 | INFO     |backend.app.main:lifespan:50 - Database initialized successfully
2026-03-10 20:35:37.370 | INFO     |backend.app.main:lifespan:58 - All services initialized and healthy
2026-03-10 20:35:49.080 | INFO     |backend.app.main:lifespan:68 - Shutting down application...
2026-03-10 20:36:41.080 | INFO     |backend.app.core.db:init_db:55 - Database connection verified successfully
2026-03-10 20:36:41.081 | INFO     |backend.app.main:lifespan:50 - Database initialized successfully
2026-03-10 20:36:54.103 | WARNING  |backend.app.core.health:check_celery:132 - No celery workers found, but RabbitMQ is reachable
2026-03-10 20:36:54.104 | INFO     |backend.app.core.health:check_service_health:173 - Service 'celery' recovered after 3 attempts
2026-03-10 20:36:54.104 | INFO     |backend.app.main:lifespan:58 - All services initialized and healthy
2026-03-10 20:39:43.617 | INFO     |backend.app.main:lifespan:68 - Shutting down application...
2026-03-10 20:43:22.779 | INFO     |backend.app.core.db:init_db:55 - Database connection verified successfully
2026-03-10 20:43:22.779 | INFO     |backend.app.main:lifespan:50 - Database initialized successfully
2026-03-10 20:43:23.897 | INFO     |backend.app.main:lifespan:58 - All services initialized and healthy
2026-03-10 20:43:40.682 | INFO     |backend.app.main:lifespan:68 - Shutting down application...
2026-03-10 20:43:55.551 | INFO     |backend.app.core.db:init_db:55 - Database connection verified successfully
2026-03-10 20:43:55.551 | INFO     |backend.app.main:lifespan:50 - Database initialized successfully
2026-03-10 20:44:09.480 | WARNING  |backend.app.core.health:check_celery:132 - No celery workers found, but RabbitMQ is reachable
2026-03-10 20:44:09.481 | INFO     |backend.app.core.health:check_service_health:173 - Service 'celery' recovered after 3 attempts
2026-03-10 20:44:09.481 | INFO     |backend.app.main:lifespan:58 - All services initialized and healthy
2026-03-10 21:20:32.246 | INFO     |backend.app.main:lifespan:68 - Shutting down application...
2026-03-10 21:20:44.224 | INFO     |backend.app.core.db:init_db:55 - Database connection verified successfully
2026-03-10 21:20:44.225 | INFO     |backend.app.main:lifespan:50 - Database initialized successfully
2026-03-10 21:20:45.396 | WARNING  |backend.app.core.health:check_celery:132 - No celery workers found, but RabbitMQ is reachable
2026-03-10 21:20:45.397 | INFO     |backend.app.main:lifespan:58 - All services initialized and healthy
2026-03-10 21:21:13.040 | INFO     |backend.app.main:lifespan:68 - Shutting down application...
2026-03-10 21:21:15.580 | INFO     |backend.app.core.db:init_db:55 - Database connection verified successfully
2026-03-10 21:21:15.580 | INFO     |backend.app.main:lifespan:50 - Database initialized successfully
2026-03-10 21:21:16.768 | WARNING  |backend.app.core.health:check_celery:132 - No celery workers found, but RabbitMQ is reachable
2026-03-10 21:21:16.769 | INFO     |backend.app.main:lifespan:58 - All services initialized and healthy
2026-03-10 21:21:42.813 | INFO     |backend.app.main:lifespan:68 - Shutting down application...
2026-03-10 21:21:44.636 | INFO     |backend.app.core.db:init_db:55 - Database connection verified successfully
2026-03-10 21:21:44.636 | INFO     |backend.app.main:lifespan:50 - Database initialized successfully
2026-03-10 21:21:45.753 | WARNING  |backend.app.core.health:check_celery:132 - No celery workers found, but RabbitMQ is reachable
2026-03-10 21:21:45.754 | INFO     |backend.app.main:lifespan:58 - All services initialized and healthy
2026-03-10 21:21:52.570 | INFO     |backend.app.main:lifespan:68 - Shutting down application...
2026-03-10 21:21:54.879 | INFO     |backend.app.core.db:init_db:55 - Database connection verified successfully
2026-03-10 21:21:54.880 | INFO     |backend.app.main:lifespan:50 - Database initialized successfully
2026-03-10 21:21:56.043 | WARNING  |backend.app.core.health:check_celery:132 - No celery workers found, but RabbitMQ is reachable
2026-03-10 21:21:56.043 | INFO     |backend.app.main:lifespan:58 - All services initialized and healthy
2026-03-10 21:22:04.120 | INFO     |backend.app.main:lifespan:68 - Shutting down application...
2026-03-10 21:22:06.241 | INFO     |backend.app.core.db:init_db:55 - Database connection verified successfully
2026-03-10 21:22:06.241 | INFO     |backend.app.main:lifespan:50 - Database initialized successfully
2026-03-10 21:22:07.425 | WARNING  |backend.app.core.health:check_celery:132 - No celery workers found, but RabbitMQ is reachable
2026-03-10 21:22:07.426 | INFO     |backend.app.main:lifespan:58 - All services initialized and healthy
2026-03-10 23:49:57.997 | INFO     |backend.app.main:lifespan:68 - Shutting down application...
2026-03-10 23:50:00.718 | INFO     |backend.app.core.db:init_db:55 - Database connection verified successfully
2026-03-10 23:50:00.718 | INFO     |backend.app.main:lifespan:50 - Database initialized successfully
2026-03-10 23:50:01.971 | WARNING  |backend.app.core.health:check_celery:132 - No celery workers found, but RabbitMQ is reachable
2026-03-10 23:50:01.971 | INFO     |backend.app.main:lifespan:58 - All services initialized and healthy
2026-03-10 23:51:09.861 | INFO     |backend.app.main:lifespan:68 - Shutting down application...
2026-03-10 23:51:12.595 | INFO     |backend.app.core.db:init_db:55 - Database connection verified successfully
2026-03-10 23:51:12.595 | INFO     |backend.app.main:lifespan:50 - Database initialized successfully
2026-03-10 23:51:13.781 | WARNING  |backend.app.core.health:check_celery:132 - No celery workers found, but RabbitMQ is reachable
2026-03-10 23:51:13.782 | INFO     |backend.app.main:lifespan:58 - All services initialized and healthy
2026-03-10 23:52:32.001 | INFO     |backend.app.main:lifespan:68 - Shutting down application...
2026-03-10 23:52:34.112 | INFO     |backend.app.core.db:init_db:55 - Database connection verified successfully
2026-03-10 23:52:34.112 | INFO     |backend.app.main:lifespan:50 - Database initialized successfully
2026-03-10 23:52:35.259 | INFO     |backend.app.main:lifespan:58 - All services initialized and healthy
2026-03-11 00:03:38.370 | INFO     |backend.app.main:lifespan:68 - Shutting down application...
2026-03-11 00:03:40.982 | INFO     |backend.app.core.db:init_db:55 - Database connection verified successfully
2026-03-11 00:03:40.982 | INFO     |backend.app.main:lifespan:50 - Database initialized successfully
2026-03-11 00:03:42.192 | WARNING  |backend.app.core.health:check_celery:132 - No celery workers found, but RabbitMQ is reachable
2026-03-11 00:03:42.193 | INFO     |backend.app.main:lifespan:58 - All services initialized and healthy
2026-03-11 00:11:48.429 | INFO     |backend.app.main:lifespan:68 - Shutting down application...
2026-03-11 00:11:50.324 | INFO     |backend.app.core.db:init_db:55 - Database connection verified successfully
2026-03-11 00:11:50.324 | INFO     |backend.app.main:lifespan:50 - Database initialized successfully
2026-03-11 00:11:51.459 | WARNING  |backend.app.core.health:check_celery:132 - No celery workers found, but RabbitMQ is reachable
2026-03-11 00:11:51.460 | INFO     |backend.app.main:lifespan:58 - All services initialized and healthy
2026-03-11 00:13:09.841 | INFO     |backend.app.main:lifespan:68 - Shutting down application...
2026-03-11 00:13:11.632 | INFO     |backend.app.core.db:init_db:55 - Database connection verified successfully
2026-03-11 00:13:11.633 | INFO     |backend.app.main:lifespan:50 - Database initialized successfully
2026-03-11 00:13:12.769 | WARNING  |backend.app.core.health:check_celery:132 - No celery workers found, but RabbitMQ is reachable
2026-03-11 00:13:12.770 | INFO     |backend.app.main:lifespan:58 - All services initialized and healthy
2026-03-11 00:15:08.702 | INFO     |backend.app.main:lifespan:68 - Shutting down application...
2026-03-11 00:15:11.615 | INFO     |backend.app.core.db:init_db:55 - Database connection verified successfully
2026-03-11 00:15:11.616 | INFO     |backend.app.main:lifespan:50 - Database initialized successfully
2026-03-11 00:15:12.734 | WARNING  |backend.app.core.health:check_celery:132 - No celery workers found, but RabbitMQ is reachable
2026-03-11 00:15:12.734 | INFO     |backend.app.main:lifespan:58 - All services initialized and healthy
2026-03-11 00:15:59.176 | INFO     |backend.app.main:lifespan:68 - Shutting down application...
2026-03-11 00:16:01.091 | INFO     |backend.app.core.db:init_db:55 - Database connection verified successfully
2026-03-11 00:16:01.092 | INFO     |backend.app.main:lifespan:50 - Database initialized successfully
2026-03-11 00:16:02.237 | WARNING  |backend.app.core.health:check_celery:132 - No celery workers found, but RabbitMQ is reachable
2026-03-11 00:16:02.237 | INFO     |backend.app.main:lifespan:58 - All services initialized and healthy
2026-03-11 14:35:55.057 | INFO     |backend.app.main:lifespan:68 - Shutting down application...
2026-03-11 14:35:57.037 | INFO     |backend.app.core.db:init_db:55 - Database connection verified successfully
2026-03-11 14:35:57.038 | INFO     |backend.app.main:lifespan:50 - Database initialized successfully
2026-03-11 14:35:58.169 | INFO     |backend.app.main:lifespan:58 - All services initialized and healthy
2026-03-11 14:37:58.890 | INFO     |backend.app.main:lifespan:68 - Shutting down application...
2026-03-11 14:38:01.425 | INFO     |backend.app.core.db:init_db:55 - Database connection verified successfully
2026-03-11 14:38:01.426 | INFO     |backend.app.main:lifespan:50 - Database initialized successfully
2026-03-11 14:38:02.626 | WARNING  |backend.app.core.health:check_celery:132 - No celery workers found, but RabbitMQ is reachable
2026-03-11 14:38:02.627 | INFO     |backend.app.main:lifespan:58 - All services initialized and healthy
2026-03-11 14:38:09.946 | INFO     |backend.app.main:lifespan:68 - Shutting down application...
2026-03-11 14:38:12.175 | INFO     |backend.app.core.db:init_db:55 - Database connection verified successfully
2026-03-11 14:38:12.175 | INFO     |backend.app.main:lifespan:50 - Database initialized successfully
2026-03-11 14:38:13.353 | WARNING  |backend.app.core.health:check_celery:132 - No celery workers found, but RabbitMQ is reachable
2026-03-11 14:38:13.354 | INFO     |backend.app.main:lifespan:58 - All services initialized and healthy
2026-03-11 14:49:46.341 | INFO     |backend.app.main:lifespan:68 - Shutting down application...
2026-03-11 14:49:48.519 | INFO     |backend.app.core.db:init_db:55 - Database connection verified successfully
2026-03-11 14:49:48.519 | INFO     |backend.app.main:lifespan:50 - Database initialized successfully
2026-03-11 14:49:49.661 | INFO     |backend.app.main:lifespan:58 - All services initialized and healthy
